<?xml version="1.0" encoding="UTF-8"?>
<!-- Generated by org.testng.reporters.JUnitReportReporter -->
<testsuite hostname="k8s-workernode" failures="0" tests="4" name="LessonPlan.AnnualLessonPlan2" time="225.472" errors="0" timestamp="2024-01-29T17:55:40 IST" skipped="0">
  <testcase classname="LessonPlan.AnnualLessonPlan2" name="ApproveAnnualPlan" time="64.673"/>
  <testcase classname="LessonPlan.AnnualLessonPlan2" name="RejectAnnualPlan" time="71.335"/>
  <testcase classname="LessonPlan.AnnualLessonPlan2" name="DeleteAnnualPlan" time="28.750"/>
  <testcase classname="LessonPlan.AnnualLessonPlan2" name="DeleteRejectedAnnualPlan" time="60.714"/>
</testsuite> <!-- LessonPlan.AnnualLessonPlan2 -->
