<?xml version="1.0" encoding="UTF-8"?>
<!-- Generated by org.testng.reporters.JUnitReportReporter -->
<testsuite hostname="k8s-workernode" failures="0" tests="2" name="Login_gateway.NopCommerce_Login" time="21.261" errors="0" timestamp="2024-01-27T18:29:57 IST" skipped="0">
  <testcase classname="Login_gateway.NopCommerce_Login" name="validLogin" time="12.349"/>
  <testcase classname="Login_gateway.NopCommerce_Login" name="invalidLogin" time="8.912"/>
</testsuite> <!-- Login_gateway.NopCommerce_Login -->
